<?xml version="1.0" encoding="UTF-8"?>
<!-- Generated by org.testng.reporters.JUnitXMLReporter -->
<testsuite ignored="1" hostname="DESKTOP-3EH4CFI" failures="0" tests="1" name="Default test" time="15.027" errors="0" timestamp="2023-10-26T17:53:43 IST">
  <testcase classname="com.parabank.qa.testcases.ParaBankLoginTest" name="LoginWith_ValidEmail_And_InvalidPassowrd" time="2.179"/>
  <testcase classname="com.parabank.qa.testcases.ParaBankLoginTest" name="LoginWithValidCredential" time="0.0">
    <ignored/>
  </testcase> <!-- LoginWithValidCredential -->
</testsuite> <!-- Default test -->
