<?xml version="1.0" encoding="UTF-8"?>
<testng-results ignored="0" total="1" passed="1" failed="0" skipped="0">
  <reporter-output>
  </reporter-output>
  <suite started-at="2023-10-26T17:53:28 IST" name="Default suite" finished-at="2023-10-26T17:53:43 IST" duration-ms="15027">
    <groups>
    </groups>
    <test started-at="2023-10-26T17:53:28 IST" name="Default test" finished-at="2023-10-26T17:53:43 IST" duration-ms="15027">
      <class name="com.parabank.qa.testcases.ParaBankLoginTest">
        <test-method is-config="true" signature="setup()[pri:0, instance:com.parabank.qa.testcases.ParaBankLoginTest@4d5d943d]" started-at="2023-10-26T17:53:28 IST" name="setup" finished-at="2023-10-26T17:53:41 IST" duration-ms="12761" status="PASS">
          <reporter-output>
          </reporter-output>
        </test-method> <!-- setup -->
        <test-method signature="LoginWith_ValidEmail_And_InvalidPassowrd()[pri:0, instance:com.parabank.qa.testcases.ParaBankLoginTest@4d5d943d]" started-at="2023-10-26T17:53:41 IST" name="LoginWith_ValidEmail_And_InvalidPassowrd" finished-at="2023-10-26T17:53:43 IST" duration-ms="2179" status="PASS">
          <reporter-output>
          </reporter-output>
        </test-method> <!-- LoginWith_ValidEmail_And_InvalidPassowrd -->
        <test-method is-config="true" signature="tearDown()[pri:0, instance:com.parabank.qa.testcases.ParaBankLoginTest@4d5d943d]" started-at="2023-10-26T17:53:43 IST" name="tearDown" finished-at="2023-10-26T17:53:43 IST" duration-ms="1" status="PASS">
          <reporter-output>
          </reporter-output>
        </test-method> <!-- tearDown -->
      </class> <!-- com.parabank.qa.testcases.ParaBankLoginTest -->
    </test> <!-- Default test -->
  </suite> <!-- Default suite -->
</testng-results>
