<?xml version="1.0" encoding="UTF-8"?>
<testng-results ignored="0" total="1" passed="1" failed="0" skipped="0">
  <reporter-output>
  </reporter-output>
  <suite started-at="2023-10-26T12:49:23 IST" name="Default suite" finished-at="2023-10-26T12:49:37 IST" duration-ms="14299">
    <groups>
    </groups>
    <test started-at="2023-10-26T12:49:23 IST" name="Default test" finished-at="2023-10-26T12:49:37 IST" duration-ms="14299">
      <class name="com.parabank.qa.testcases.ParaBankLoginTest">
        <test-method is-config="true" signature="setup()[pri:0, instance:com.parabank.qa.testcases.ParaBankLoginTest@7c7b252e]" started-at="2023-10-26T12:49:23 IST" name="setup" finished-at="2023-10-26T12:49:36 IST" duration-ms="12588" status="PASS">
          <reporter-output>
          </reporter-output>
        </test-method> <!-- setup -->
        <test-method signature="LoginWithValidCredential()[pri:0, instance:com.parabank.qa.testcases.ParaBankLoginTest@7c7b252e]" started-at="2023-10-26T12:49:36 IST" name="LoginWithValidCredential" finished-at="2023-10-26T12:49:37 IST" duration-ms="1616" status="PASS">
          <reporter-output>
          </reporter-output>
        </test-method> <!-- LoginWithValidCredential -->
        <test-method is-config="true" signature="tearDown()[pri:0, instance:com.parabank.qa.testcases.ParaBankLoginTest@7c7b252e]" started-at="2023-10-26T12:49:37 IST" name="tearDown" finished-at="2023-10-26T12:49:37 IST" duration-ms="1" status="PASS">
          <reporter-output>
          </reporter-output>
        </test-method> <!-- tearDown -->
      </class> <!-- com.parabank.qa.testcases.ParaBankLoginTest -->
    </test> <!-- Default test -->
  </suite> <!-- Default suite -->
</testng-results>
